Determining if the Q_WS_X11 exist failed with the following output:
Change Dir: /Users/longhung/dev/endotrack/plugins/exampleactionplugin/build/CMakeFiles/CMakeTmp

Run Build Command:"/usr/bin/xcodebuild" "-project" "CMAKE_TRY_COMPILE.xcodeproj" "build" "-target" "cmTryCompileExec1580321401" "-configuration" "Debug"
=== BUILD TARGET cmTryCompileExec1580321401 OF PROJECT CMAKE_TRY_COMPILE WITH CONFIGURATION Debug ===

Check dependencies

Write auxiliary files
/bin/mkdir -p /Users/longhung/dev/endotrack/plugins/exampleactionplugin/build/CMakeFiles/CMakeTmp/CMAKE_TRY_COMPILE.build/Debug/cmTryCompileExec1580321401.build/Objects-normal/x86_64
write-file /Users/longhung/dev/endotrack/plugins/exampleactionplugin/build/CMakeFiles/CMakeTmp/CMAKE_TRY_COMPILE.build/Debug/cmTryCompileExec1580321401.build/Objects-normal/x86_64/cmTryCompileExec1580321401.LinkFileList

CompileC CMAKE_TRY_COMPILE.build/Debug/cmTryCompileExec1580321401.build/Objects-normal/x86_64/CheckSymbolExists.o CheckSymbolExists.cxx normal x86_64 c++ com.apple.compilers.llvm.clang.1_0.compiler
    cd /Users/longhung/dev/endotrack/plugins/exampleactionplugin/build/CMakeFiles/CMakeTmp
    export LANG=en_US.US-ASCII
    /Applications/Xcode.app/Contents/Developer/Toolchains/XcodeDefault.xctoolchain/usr/bin/clang -x c++ -arch x86_64 -fmessage-length=0 -fdiagnostics-show-note-include-stack -fmacro-backtrace-limit=0 -Wno-trigraphs -fpascal-strings -O0 -Wno-missing-field-initializers -Wno-missing-prototypes -Wno-return-type -Wno-non-virtual-dtor -Wno-overloaded-virtual -Wno-exit-time-destructors -Wno-missing-braces -Wparentheses -Wswitch -Wno-unused-function -Wno-unused-label -Wno-unused-parameter -Wno-unused-variable -Wunused-value -Wno-empty-body -Wno-uninitialized -Wno-unknown-pragmas -Wno-shadow -Wno-four-char-constants -Wno-conversion -Wno-constant-conversion -Wno-int-conversion -Wno-bool-conversion -Wno-enum-conversion -Wno-shorten-64-to-32 -Wno-newline-eof -Wno-c++11-extensions -DCMAKE_INTDIR=\"Debug\" -isysroot /Applications/Xcode.app/Contents/Developer/Platforms/MacOSX.platform/Developer/SDKs/MacOSX10.11.sdk -fasm-blocks -fstrict-aliasing -Wdeprecated-declarations -Winvalid-offsetof -mmacosx-version-min=10.11 -Wno-sign-conversion -I/Users/longhung/dev/endotrack/plugins/exampleactionplugin/build/CMakeFiles/CMakeTmp/Debug/include -I/usr/local/Cellar/qt/4.8.7_1/include -I/Users/longhung/dev/endotrack/plugins/exampleactionplugin/build/CMakeFiles/CMakeTmp/CMAKE_TRY_COMPILE.build/Debug/cmTryCompileExec1580321401.build/DerivedSources/x86_64 -I/Users/longhung/dev/endotrack/plugins/exampleactionplugin/build/CMakeFiles/CMakeTmp/CMAKE_TRY_COMPILE.build/Debug/cmTryCompileExec1580321401.build/DerivedSources -Wmost -Wno-four-char-constants -Wno-unknown-pragmas -F/Users/longhung/dev/endotrack/plugins/exampleactionplugin/build/CMakeFiles/CMakeTmp/Debug -F/usr/local/Cellar/qt/4.8.7_1/lib -g -MMD -MT dependencies -MF /Users/longhung/dev/endotrack/plugins/exampleactionplugin/build/CMakeFiles/CMakeTmp/CMAKE_TRY_COMPILE.build/Debug/cmTryCompileExec1580321401.build/Objects-normal/x86_64/CheckSymbolExists.d --serialize-diagnostics /Users/longhung/dev/endotrack/plugins/exampleactionplugin/build/CMakeFiles/CMakeTmp/CMAKE_TRY_COMPILE.build/Debug/cmTryCompileExec1580321401.build/Objects-normal/x86_64/CheckSymbolExists.dia -c /Users/longhung/dev/endotrack/plugins/exampleactionplugin/build/CMakeFiles/CMakeTmp/CheckSymbolExists.cxx -o /Users/longhung/dev/endotrack/plugins/exampleactionplugin/build/CMakeFiles/CMakeTmp/CMAKE_TRY_COMPILE.build/Debug/cmTryCompileExec1580321401.build/Objects-normal/x86_64/CheckSymbolExists.o
/Users/longhung/dev/endotrack/plugins/exampleactionplugin/build/CMakeFiles/CMakeTmp/CheckSymbolExists.cxx:8:19: error: use of undeclared identifier 'Q_WS_X11'
  return ((int*)(&Q_WS_X11))[argc];
                  ^
1 error generated.

** BUILD FAILED **


The following build commands failed:
	CompileC CMAKE_TRY_COMPILE.build/Debug/cmTryCompileExec1580321401.build/Objects-normal/x86_64/CheckSymbolExists.o CheckSymbolExists.cxx normal x86_64 c++ com.apple.compilers.llvm.clang.1_0.compiler
(1 failure)

File /Users/longhung/dev/endotrack/plugins/exampleactionplugin/build/CMakeFiles/CMakeTmp/CheckSymbolExists.cxx:
/* */
#include <QtCore/qglobal.h>

int main(int argc, char** argv)
{
  (void)argv;
#ifndef Q_WS_X11
  return ((int*)(&Q_WS_X11))[argc];
#else
  (void)argc;
  return 0;
#endif
}

Determining if the Q_WS_WIN exist failed with the following output:
Change Dir: /Users/longhung/dev/endotrack/plugins/exampleactionplugin/build/CMakeFiles/CMakeTmp

Run Build Command:"/usr/bin/xcodebuild" "-project" "CMAKE_TRY_COMPILE.xcodeproj" "build" "-target" "cmTryCompileExec1988713558" "-configuration" "Debug"
=== BUILD TARGET cmTryCompileExec1988713558 OF PROJECT CMAKE_TRY_COMPILE WITH CONFIGURATION Debug ===

Check dependencies

Write auxiliary files
/bin/mkdir -p /Users/longhung/dev/endotrack/plugins/exampleactionplugin/build/CMakeFiles/CMakeTmp/CMAKE_TRY_COMPILE.build/Debug/cmTryCompileExec1988713558.build/Objects-normal/x86_64
write-file /Users/longhung/dev/endotrack/plugins/exampleactionplugin/build/CMakeFiles/CMakeTmp/CMAKE_TRY_COMPILE.build/Debug/cmTryCompileExec1988713558.build/Objects-normal/x86_64/cmTryCompileExec1988713558.LinkFileList

CompileC CMAKE_TRY_COMPILE.build/Debug/cmTryCompileExec1988713558.build/Objects-normal/x86_64/CheckSymbolExists.o CheckSymbolExists.cxx normal x86_64 c++ com.apple.compilers.llvm.clang.1_0.compiler
    cd /Users/longhung/dev/endotrack/plugins/exampleactionplugin/build/CMakeFiles/CMakeTmp
    export LANG=en_US.US-ASCII
    /Applications/Xcode.app/Contents/Developer/Toolchains/XcodeDefault.xctoolchain/usr/bin/clang -x c++ -arch x86_64 -fmessage-length=0 -fdiagnostics-show-note-include-stack -fmacro-backtrace-limit=0 -Wno-trigraphs -fpascal-strings -O0 -Wno-missing-field-initializers -Wno-missing-prototypes -Wno-return-type -Wno-non-virtual-dtor -Wno-overloaded-virtual -Wno-exit-time-destructors -Wno-missing-braces -Wparentheses -Wswitch -Wno-unused-function -Wno-unused-label -Wno-unused-parameter -Wno-unused-variable -Wunused-value -Wno-empty-body -Wno-uninitialized -Wno-unknown-pragmas -Wno-shadow -Wno-four-char-constants -Wno-conversion -Wno-constant-conversion -Wno-int-conversion -Wno-bool-conversion -Wno-enum-conversion -Wno-shorten-64-to-32 -Wno-newline-eof -Wno-c++11-extensions -DCMAKE_INTDIR=\"Debug\" -isysroot /Applications/Xcode.app/Contents/Developer/Platforms/MacOSX.platform/Developer/SDKs/MacOSX10.11.sdk -fasm-blocks -fstrict-aliasing -Wdeprecated-declarations -Winvalid-offsetof -mmacosx-version-min=10.11 -Wno-sign-conversion -I/Users/longhung/dev/endotrack/plugins/exampleactionplugin/build/CMakeFiles/CMakeTmp/Debug/include -I/usr/local/Cellar/qt/4.8.7_1/include -I/Users/longhung/dev/endotrack/plugins/exampleactionplugin/build/CMakeFiles/CMakeTmp/CMAKE_TRY_COMPILE.build/Debug/cmTryCompileExec1988713558.build/DerivedSources/x86_64 -I/Users/longhung/dev/endotrack/plugins/exampleactionplugin/build/CMakeFiles/CMakeTmp/CMAKE_TRY_COMPILE.build/Debug/cmTryCompileExec1988713558.build/DerivedSources -Wmost -Wno-four-char-constants -Wno-unknown-pragmas -F/Users/longhung/dev/endotrack/plugins/exampleactionplugin/build/CMakeFiles/CMakeTmp/Debug -F/usr/local/Cellar/qt/4.8.7_1/lib -g -MMD -MT dependencies -MF /Users/longhung/dev/endotrack/plugins/exampleactionplugin/build/CMakeFiles/CMakeTmp/CMAKE_TRY_COMPILE.build/Debug/cmTryCompileExec1988713558.build/Objects-normal/x86_64/CheckSymbolExists.d --serialize-diagnostics /Users/longhung/dev/endotrack/plugins/exampleactionplugin/build/CMakeFiles/CMakeTmp/CMAKE_TRY_COMPILE.build/Debug/cmTryCompileExec1988713558.build/Objects-normal/x86_64/CheckSymbolExists.dia -c /Users/longhung/dev/endotrack/plugins/exampleactionplugin/build/CMakeFiles/CMakeTmp/CheckSymbolExists.cxx -o /Users/longhung/dev/endotrack/plugins/exampleactionplugin/build/CMakeFiles/CMakeTmp/CMAKE_TRY_COMPILE.build/Debug/cmTryCompileExec1988713558.build/Objects-normal/x86_64/CheckSymbolExists.o
/Users/longhung/dev/endotrack/plugins/exampleactionplugin/build/CMakeFiles/CMakeTmp/CheckSymbolExists.cxx:8:19: error: use of undeclared identifier 'Q_WS_WIN'
  return ((int*)(&Q_WS_WIN))[argc];
                  ^
1 error generated.

** BUILD FAILED **


The following build commands failed:
	CompileC CMAKE_TRY_COMPILE.build/Debug/cmTryCompileExec1988713558.build/Objects-normal/x86_64/CheckSymbolExists.o CheckSymbolExists.cxx normal x86_64 c++ com.apple.compilers.llvm.clang.1_0.compiler
(1 failure)

File /Users/longhung/dev/endotrack/plugins/exampleactionplugin/build/CMakeFiles/CMakeTmp/CheckSymbolExists.cxx:
/* */
#include <QtCore/qglobal.h>

int main(int argc, char** argv)
{
  (void)argv;
#ifndef Q_WS_WIN
  return ((int*)(&Q_WS_WIN))[argc];
#else
  (void)argc;
  return 0;
#endif
}

Determining if the Q_WS_QWS exist failed with the following output:
Change Dir: /Users/longhung/dev/endotrack/plugins/exampleactionplugin/build/CMakeFiles/CMakeTmp

Run Build Command:"/usr/bin/xcodebuild" "-project" "CMAKE_TRY_COMPILE.xcodeproj" "build" "-target" "cmTryCompileExec133112991" "-configuration" "Debug"
=== BUILD TARGET cmTryCompileExec133112991 OF PROJECT CMAKE_TRY_COMPILE WITH CONFIGURATION Debug ===

Check dependencies

Write auxiliary files
/bin/mkdir -p /Users/longhung/dev/endotrack/plugins/exampleactionplugin/build/CMakeFiles/CMakeTmp/CMAKE_TRY_COMPILE.build/Debug/cmTryCompileExec133112991.build/Objects-normal/x86_64
write-file /Users/longhung/dev/endotrack/plugins/exampleactionplugin/build/CMakeFiles/CMakeTmp/CMAKE_TRY_COMPILE.build/Debug/cmTryCompileExec133112991.build/Objects-normal/x86_64/cmTryCompileExec133112991.LinkFileList

CompileC CMAKE_TRY_COMPILE.build/Debug/cmTryCompileExec133112991.build/Objects-normal/x86_64/CheckSymbolExists.o CheckSymbolExists.cxx normal x86_64 c++ com.apple.compilers.llvm.clang.1_0.compiler
    cd /Users/longhung/dev/endotrack/plugins/exampleactionplugin/build/CMakeFiles/CMakeTmp
    export LANG=en_US.US-ASCII
    /Applications/Xcode.app/Contents/Developer/Toolchains/XcodeDefault.xctoolchain/usr/bin/clang -x c++ -arch x86_64 -fmessage-length=0 -fdiagnostics-show-note-include-stack -fmacro-backtrace-limit=0 -Wno-trigraphs -fpascal-strings -O0 -Wno-missing-field-initializers -Wno-missing-prototypes -Wno-return-type -Wno-non-virtual-dtor -Wno-overloaded-virtual -Wno-exit-time-destructors -Wno-missing-braces -Wparentheses -Wswitch -Wno-unused-function -Wno-unused-label -Wno-unused-parameter -Wno-unused-variable -Wunused-value -Wno-empty-body -Wno-uninitialized -Wno-unknown-pragmas -Wno-shadow -Wno-four-char-constants -Wno-conversion -Wno-constant-conversion -Wno-int-conversion -Wno-bool-conversion -Wno-enum-conversion -Wno-shorten-64-to-32 -Wno-newline-eof -Wno-c++11-extensions -DCMAKE_INTDIR=\"Debug\" -isysroot /Applications/Xcode.app/Contents/Developer/Platforms/MacOSX.platform/Developer/SDKs/MacOSX10.11.sdk -fasm-blocks -fstrict-aliasing -Wdeprecated-declarations -Winvalid-offsetof -mmacosx-version-min=10.11 -Wno-sign-conversion -I/Users/longhung/dev/endotrack/plugins/exampleactionplugin/build/CMakeFiles/CMakeTmp/Debug/include -I/usr/local/Cellar/qt/4.8.7_1/include -I/Users/longhung/dev/endotrack/plugins/exampleactionplugin/build/CMakeFiles/CMakeTmp/CMAKE_TRY_COMPILE.build/Debug/cmTryCompileExec133112991.build/DerivedSources/x86_64 -I/Users/longhung/dev/endotrack/plugins/exampleactionplugin/build/CMakeFiles/CMakeTmp/CMAKE_TRY_COMPILE.build/Debug/cmTryCompileExec133112991.build/DerivedSources -Wmost -Wno-four-char-constants -Wno-unknown-pragmas -F/Users/longhung/dev/endotrack/plugins/exampleactionplugin/build/CMakeFiles/CMakeTmp/Debug -F/usr/local/Cellar/qt/4.8.7_1/lib -g -MMD -MT dependencies -MF /Users/longhung/dev/endotrack/plugins/exampleactionplugin/build/CMakeFiles/CMakeTmp/CMAKE_TRY_COMPILE.build/Debug/cmTryCompileExec133112991.build/Objects-normal/x86_64/CheckSymbolExists.d --serialize-diagnostics /Users/longhung/dev/endotrack/plugins/exampleactionplugin/build/CMakeFiles/CMakeTmp/CMAKE_TRY_COMPILE.build/Debug/cmTryCompileExec133112991.build/Objects-normal/x86_64/CheckSymbolExists.dia -c /Users/longhung/dev/endotrack/plugins/exampleactionplugin/build/CMakeFiles/CMakeTmp/CheckSymbolExists.cxx -o /Users/longhung/dev/endotrack/plugins/exampleactionplugin/build/CMakeFiles/CMakeTmp/CMAKE_TRY_COMPILE.build/Debug/cmTryCompileExec133112991.build/Objects-normal/x86_64/CheckSymbolExists.o
/Users/longhung/dev/endotrack/plugins/exampleactionplugin/build/CMakeFiles/CMakeTmp/CheckSymbolExists.cxx:8:19: error: use of undeclared identifier 'Q_WS_QWS'
  return ((int*)(&Q_WS_QWS))[argc];
                  ^
1 error generated.

** BUILD FAILED **


The following build commands failed:
	CompileC CMAKE_TRY_COMPILE.build/Debug/cmTryCompileExec133112991.build/Objects-normal/x86_64/CheckSymbolExists.o CheckSymbolExists.cxx normal x86_64 c++ com.apple.compilers.llvm.clang.1_0.compiler
(1 failure)

File /Users/longhung/dev/endotrack/plugins/exampleactionplugin/build/CMakeFiles/CMakeTmp/CheckSymbolExists.cxx:
/* */
#include <QtCore/qglobal.h>

int main(int argc, char** argv)
{
  (void)argv;
#ifndef Q_WS_QWS
  return ((int*)(&Q_WS_QWS))[argc];
#else
  (void)argc;
  return 0;
#endif
}

